<?xml version="1.0" encoding="UTF-8"?>
<testsuite name="com.uic.atse.MainTest" tests="1" skipped="0" failures="0" errors="0" timestamp="2018-05-10T17:13:36" hostname="LAPTOP-TCUJL0CN" time="0.0">
  <properties/>
  <testcase name="name" classname="com.uic.atse.MainTest" time="0.0"/>
  <system-out><![CDATA[]]></system-out>
  <system-err><![CDATA[]]></system-err>
</testsuite>
