<?xml version="1.0" encoding="UTF-8"?>
<testsuite name="com.uic.atse.JsonJavaMapperTest" tests="1" skipped="0" failures="0" errors="0" timestamp="2018-05-10T17:13:35" hostname="LAPTOP-TCUJL0CN" time="0.375">
  <properties/>
  <testcase name="readJsonWithObjectMapperTest" classname="com.uic.atse.JsonJavaMapperTest" time="0.375"/>
  <system-out><![CDATA[Pipe 2 Pipeline{stages=null, post=null, environment=null, agent=com.uic.atse.model.Agent_@2ae0e2a5[type=any,additionalProperties={}], tools=null, options=null, parameters=null, triggers=null, additionalProperties={}}
Pipe 1 Pipeline{stages=null, post=null, environment=null, agent=com.uic.atse.model.Agent_@e2a980a[type=any,additionalProperties={}], tools=null, options=null, parameters=null, triggers=null, additionalProperties={}}
false
]]></system-out>
  <system-err><![CDATA[log4j:WARN No appenders could be found for logger (com.uic.atse.mapper.JsonJavaMapper).
log4j:WARN Please initialize the log4j system properly.
log4j:WARN See http://logging.apache.org/log4j/1.2/faq.html#noconfig for more info.
]]></system-err>
</testsuite>
